<?xml version="1.0" encoding="UTF-8"?>
<testsuite xmlns:xsi="http://www.w3.org/2001/XMLSchema-instance" xsi:noNamespaceSchemaLocation="https://maven.apache.org/surefire/maven-surefire-plugin/xsd/surefire-test-report-3.0.xsd" version="3.0" name="testesAPI.RMRunner" time="7.414" tests="8" errors="0" skipped="0" failures="0">
  <properties>
    <property name="java.specification.version" value="17"/>
    <property name="sun.cpu.isalist" value="amd64"/>
    <property name="sun.jnu.encoding" value="Cp1252"/>
    <property name="java.class.path" value="D:\Inatel\P7\ehosDEVida_testes\back\teste.back\target\test-classes;D:\Inatel\P7\ehosDEVida_testes\back\teste.back\target\classes;C:\Users\analu\.m2\repository\com\intuit\karate\karate-junit5\1.0.1\karate-junit5-1.0.1.jar;C:\Users\analu\.m2\repository\com\intuit\karate\karate-core\1.0.1\karate-core-1.0.1.jar;C:\Users\analu\.m2\repository\org\graalvm\js\js-scriptengine\21.0.0\js-scriptengine-21.0.0.jar;C:\Users\analu\.m2\repository\org\graalvm\sdk\graal-sdk\21.0.0\graal-sdk-21.0.0.jar;C:\Users\analu\.m2\repository\org\graalvm\js\js\21.0.0\js-21.0.0.jar;C:\Users\analu\.m2\repository\org\graalvm\regex\regex\21.0.0\regex-21.0.0.jar;C:\Users\analu\.m2\repository\org\graalvm\truffle\truffle-api\21.0.0\truffle-api-21.0.0.jar;C:\Users\analu\.m2\repository\com\ibm\icu\icu4j\67.1\icu4j-67.1.jar;C:\Users\analu\.m2\repository\ch\qos\logback\logback-classic\1.2.3\logback-classic-1.2.3.jar;C:\Users\analu\.m2\repository\ch\qos\logback\logback-core\1.2.3\logback-core-1.2.3.jar;C:\Users\analu\.m2\repository\org\slf4j\slf4j-api\1.7.25\slf4j-api-1.7.25.jar;C:\Users\analu\.m2\repository\org\slf4j\jcl-over-slf4j\1.7.25\jcl-over-slf4j-1.7.25.jar;C:\Users\analu\.m2\repository\com\jayway\jsonpath\json-path\2.5.0\json-path-2.5.0.jar;C:\Users\analu\.m2\repository\net\minidev\json-smart\2.3\json-smart-2.3.jar;C:\Users\analu\.m2\repository\net\minidev\accessors-smart\1.2\accessors-smart-1.2.jar;C:\Users\analu\.m2\repository\org\ow2\asm\asm\5.0.4\asm-5.0.4.jar;C:\Users\analu\.m2\repository\info\cukes\cucumber-java\1.2.5\cucumber-java-1.2.5.jar;C:\Users\analu\.m2\repository\info\cukes\cucumber-core\1.2.5\cucumber-core-1.2.5.jar;C:\Users\analu\.m2\repository\org\yaml\snakeyaml\1.27\snakeyaml-1.27.jar;C:\Users\analu\.m2\repository\de\siegmar\fastcsv\1.0.4\fastcsv-1.0.4.jar;C:\Users\analu\.m2\repository\info\picocli\picocli\4.5.2\picocli-4.5.2.jar;C:\Users\analu\.m2\repository\org\junit\jupiter\junit-jupiter-api\5.7.0\junit-jupiter-api-5.7.0.jar;C:\Users\analu\.m2\repository\org\apiguardian\apiguardian-api\1.1.0\apiguardian-api-1.1.0.jar;C:\Users\analu\.m2\repository\org\opentest4j\opentest4j\1.2.0\opentest4j-1.2.0.jar;C:\Users\analu\.m2\repository\org\junit\platform\junit-platform-commons\1.7.0\junit-platform-commons-1.7.0.jar;C:\Users\analu\.m2\repository\org\junit\jupiter\junit-jupiter-engine\5.7.0\junit-jupiter-engine-5.7.0.jar;C:\Users\analu\.m2\repository\org\junit\platform\junit-platform-engine\1.7.0\junit-platform-engine-1.7.0.jar;"/>
    <property name="java.vm.vendor" value="Oracle Corporation"/>
    <property name="sun.arch.data.model" value="64"/>
    <property name="user.variant" value=""/>
    <property name="java.vendor.url" value="https://java.oracle.com/"/>
    <property name="user.timezone" value="America/Sao_Paulo"/>
    <property name="os.name" value="Windows 11"/>
    <property name="java.vm.specification.version" value="17"/>
    <property name="sun.java.launcher" value="SUN_STANDARD"/>
    <property name="user.country" value="BR"/>
    <property name="sun.boot.library.path" value="C:\Program Files\Java\jdk-17\bin"/>
    <property name="sun.java.command" value="C:\Users\analu\AppData\Local\Temp\surefire4118960203954357759\surefirebooter17347301799048639329.jar C:\Users\analu\AppData\Local\Temp\surefire4118960203954357759 2024-06-26T17-26-03_418-jvmRun1 surefire5965136957249876579tmp surefire_010080059118277979903tmp"/>
    <property name="jdk.debug" value="release"/>
    <property name="test" value="RMRunner"/>
    <property name="surefire.test.class.path" value="D:\Inatel\P7\ehosDEVida_testes\back\teste.back\target\test-classes;D:\Inatel\P7\ehosDEVida_testes\back\teste.back\target\classes;C:\Users\analu\.m2\repository\com\intuit\karate\karate-junit5\1.0.1\karate-junit5-1.0.1.jar;C:\Users\analu\.m2\repository\com\intuit\karate\karate-core\1.0.1\karate-core-1.0.1.jar;C:\Users\analu\.m2\repository\org\graalvm\js\js-scriptengine\21.0.0\js-scriptengine-21.0.0.jar;C:\Users\analu\.m2\repository\org\graalvm\sdk\graal-sdk\21.0.0\graal-sdk-21.0.0.jar;C:\Users\analu\.m2\repository\org\graalvm\js\js\21.0.0\js-21.0.0.jar;C:\Users\analu\.m2\repository\org\graalvm\regex\regex\21.0.0\regex-21.0.0.jar;C:\Users\analu\.m2\repository\org\graalvm\truffle\truffle-api\21.0.0\truffle-api-21.0.0.jar;C:\Users\analu\.m2\repository\com\ibm\icu\icu4j\67.1\icu4j-67.1.jar;C:\Users\analu\.m2\repository\ch\qos\logback\logback-classic\1.2.3\logback-classic-1.2.3.jar;C:\Users\analu\.m2\repository\ch\qos\logback\logback-core\1.2.3\logback-core-1.2.3.jar;C:\Users\analu\.m2\repository\org\slf4j\slf4j-api\1.7.25\slf4j-api-1.7.25.jar;C:\Users\analu\.m2\repository\org\slf4j\jcl-over-slf4j\1.7.25\jcl-over-slf4j-1.7.25.jar;C:\Users\analu\.m2\repository\com\jayway\jsonpath\json-path\2.5.0\json-path-2.5.0.jar;C:\Users\analu\.m2\repository\net\minidev\json-smart\2.3\json-smart-2.3.jar;C:\Users\analu\.m2\repository\net\minidev\accessors-smart\1.2\accessors-smart-1.2.jar;C:\Users\analu\.m2\repository\org\ow2\asm\asm\5.0.4\asm-5.0.4.jar;C:\Users\analu\.m2\repository\info\cukes\cucumber-java\1.2.5\cucumber-java-1.2.5.jar;C:\Users\analu\.m2\repository\info\cukes\cucumber-core\1.2.5\cucumber-core-1.2.5.jar;C:\Users\analu\.m2\repository\org\yaml\snakeyaml\1.27\snakeyaml-1.27.jar;C:\Users\analu\.m2\repository\de\siegmar\fastcsv\1.0.4\fastcsv-1.0.4.jar;C:\Users\analu\.m2\repository\info\picocli\picocli\4.5.2\picocli-4.5.2.jar;C:\Users\analu\.m2\repository\org\junit\jupiter\junit-jupiter-api\5.7.0\junit-jupiter-api-5.7.0.jar;C:\Users\analu\.m2\repository\org\apiguardian\apiguardian-api\1.1.0\apiguardian-api-1.1.0.jar;C:\Users\analu\.m2\repository\org\opentest4j\opentest4j\1.2.0\opentest4j-1.2.0.jar;C:\Users\analu\.m2\repository\org\junit\platform\junit-platform-commons\1.7.0\junit-platform-commons-1.7.0.jar;C:\Users\analu\.m2\repository\org\junit\jupiter\junit-jupiter-engine\5.7.0\junit-jupiter-engine-5.7.0.jar;C:\Users\analu\.m2\repository\org\junit\platform\junit-platform-engine\1.7.0\junit-platform-engine-1.7.0.jar;"/>
    <property name="sun.cpu.endian" value="little"/>
    <property name="user.home" value="C:\Users\analu"/>
    <property name="user.language" value="pt"/>
    <property name="java.specification.vendor" value="Oracle Corporation"/>
    <property name="java.version.date" value="2023-01-17"/>
    <property name="java.home" value="C:\Program Files\Java\jdk-17"/>
    <property name="file.separator" value="\"/>
    <property name="basedir" value="D:\Inatel\P7\ehosDEVida_testes\back\teste.back"/>
    <property name="java.vm.compressedOopsMode" value="32-bit"/>
    <property name="line.separator" value="&#10;"/>
    <property name="java.vm.specification.vendor" value="Oracle Corporation"/>
    <property name="java.specification.name" value="Java Platform API Specification"/>
    <property name="surefire.real.class.path" value="C:\Users\analu\AppData\Local\Temp\surefire4118960203954357759\surefirebooter17347301799048639329.jar"/>
    <property name="user.script" value=""/>
    <property name="sun.management.compiler" value="HotSpot 64-Bit Tiered Compilers"/>
    <property name="java.runtime.version" value="17.0.6+9-LTS-190"/>
    <property name="user.name" value="analu"/>
    <property name="path.separator" value=";"/>
    <property name="os.version" value="10.0"/>
    <property name="java.runtime.name" value="Java(TM) SE Runtime Environment"/>
    <property name="file.encoding" value="UTF-8"/>
    <property name="java.vm.name" value="Java HotSpot(TM) 64-Bit Server VM"/>
    <property name="localRepository" value="C:\Users\analu\.m2\repository"/>
    <property name="java.vendor.url.bug" value="https://bugreport.java.com/bugreport/"/>
    <property name="java.io.tmpdir" value="C:\Users\analu\AppData\Local\Temp\"/>
    <property name="java.version" value="17.0.6"/>
    <property name="user.dir" value="D:\Inatel\P7\ehosDEVida_testes\back\teste.back"/>
    <property name="os.arch" value="amd64"/>
    <property name="java.vm.specification.name" value="Java Virtual Machine Specification"/>
    <property name="sun.os.patch.level" value=""/>
    <property name="native.encoding" value="Cp1252"/>
    <property name="java.library.path" value="C:\Program Files\Java\jdk-17\bin;C:\WINDOWS\Sun\Java\bin;C:\WINDOWS\system32;C:\WINDOWS;C:\Program Files\Common Files\Oracle\Java\javapath;C:\Program Files (x86)\Common Files\Oracle\Java\javapath;C:\ProgramData\Oracle\Java\javapath;C:\Program Files (x86)\Falcon\MinGW\bin;D:\Falcon\MinGW\bin;C:\Windows\system32;C:\Windows;C:\Windows\System32\Wbem;C:\Windows\System32\WindowsPowerShell\v1.0\;C:\Windows\System32\OpenSSH\;C:\Program Files (x86)\NVIDIA Corporation\PhysX\Common;C:\Program Files\NVIDIA Corporation\NVIDIA NvDLISR;C:\WINDOWS\system32;C:\WINDOWS;C:\WINDOWS\System32\Wbem;C:\WINDOWS\System32\WindowsPowerShell\v1.0\;C:\WINDOWS\System32\OpenSSH\;C:\MinGW\bin;C:\ProgramData\chocolatey\bin;C:\Program Files\Git\cmd;C:\Program Files\Microsoft SQL Server\130\Tools\Binn\;C:\WINDOWS\system32;C:\WINDOWS;C:\WINDOWS\System32\Wbem;C:\WINDOWS\System32\WindowsPowerShell\v1.0\;C:\WINDOWS\System32\OpenSSH\;C:\Program Files\Calibre2\;C:\Program Files\nodejs\;C:\Program Files\Docker\Docker\resources\bin;C:\Users\analu\AppData\Local\Programs\Python\Python311\Scripts\;C:\Users\analu\AppData\Local\Programs\Python\Python311\;C:\Users\analu\AppData\Local\Microsoft\WindowsApps;C:\MinGW\bin;C:\Users\analu\AppData\Local\JetBrains\Toolbox\scripts;C:\Users\analu\AppData\Local\Microsoft\WindowsApps;C:\Users\analu\AppData\Local\Programs\Microsoft VS Code\bin;C:\Program Files\JetBrains\PyCharm Community Edition 2022.3.2\bin;;C:\Program Files\JetBrains\IntelliJ IDEA Community Edition 2022.3.2\bin;;C:\apache-maven-3.9.5\bin;C:\Users\analu\AppData\Roaming\npm;."/>
    <property name="java.vm.info" value="mixed mode, sharing"/>
    <property name="java.vendor" value="Oracle Corporation"/>
    <property name="java.vm.version" value="17.0.6+9-LTS-190"/>
    <property name="sun.io.unicode.encoding" value="UnicodeLittle"/>
    <property name="java.class.version" value="61.0"/>
  </properties>
  <testcase name="[1:6] Login e captura do token" classname="testesAPI/RM" time="1.903">
    <system-out><![CDATA[17:26:05.013 [main] DEBUG com.intuit.karate.Suite - [config] classpath:karate-config.js
17:26:05.873 [main] INFO  com.intuit.karate - karate.env system property was: null 
17:26:06.243 [main] DEBUG com.intuit.karate - request:
1 > POST https://ehosdevida-backend.onrender.com/auth/login
1 > Content-Type: application/json; charset=UTF-8
1 > Content-Length: 52
1 > Host: ehosdevida-backend.onrender.com
1 > Connection: Keep-Alive
1 > User-Agent: Apache-HttpClient/4.5.13 (Java/17.0.6)
1 > Accept-Encoding: gzip,deflate
{"password":"Fetin@2024","email":"admin@inatel.com"}

17:26:06.943 [main] DEBUG com.intuit.karate - response time in milliseconds: 691
1 < 201
1 < Date: Wed, 26 Jun 2024 20:26:04 GMT
1 < Content-Type: application/json; charset=utf-8
1 < Connection: keep-alive
1 < CF-Ray: 899fee1e3a22a4fb-GRU
1 < CF-Cache-Status: DYNAMIC
1 < Access-Control-Allow-Origin: *
1 < ETag: W/"1cb-ntqqAqv4KeazSjTbx/LL3JVvsVc"
1 < Vary: Accept-Encoding
1 < rndr-id: 7e92f0ed-1f7c-4685
1 < x-powered-by: Express
1 < x-render-origin-server: Render
1 < Server: cloudflare
1 < alt-svc: h3=":443"; ma=86400
1 < Set-Cookie: Authentication=eyJhbGciOiJIUzI1NiIsInR5cCI6IkpXVCJ9.eyJfaWQiOiI2NjZkZWU3MGVlNWEyOGE2ODBjZGM5ZWUiLCJuYW1lIjoiQWRtaW4iLCJlbWFpbCI6ImFkbWluQGluYXRlbC5jb20iLCJwYXNzd29yZCI6ImFkbWluMTIzIiwicm9sZSI6ImFkbWluIiwic3ViIjoiNjY2ZGVlNzBlZTVhMjhhNjgwY2RjOWVlIiwiaWF0IjoxNzE5NDMzNTY0LCJleHAiOjE3MTk2OTI3NjR9.u2r6jcMWcut8C1sMSzW3R96X0sNUibHphzUr5RhV4qk; Domain=ehosdevida-backend.onrender.com
{"acessToken":"eyJhbGciOiJIUzI1NiIsInR5cCI6IkpXVCJ9.eyJfaWQiOiI2NjZkZWU3MGVlNWEyOGE2ODBjZGM5ZWUiLCJuYW1lIjoiQWRtaW4iLCJlbWFpbCI6ImFkbWluQGluYXRlbC5jb20iLCJwYXNzd29yZCI6ImFkbWluMTIzIiwicm9sZSI6ImFkbWluIiwic3ViIjoiNjY2ZGVlNzBlZTVhMjhhNjgwY2RjOWVlIiwiaWF0IjoxNzE5NDMzNTY0LCJleHAiOjE3MTk2OTI3NjR9.u2r6jcMWcut8C1sMSzW3R96X0sNUibHphzUr5RhV4qk","user":{"password":"admin123","role":"admin","name":"Admin","_id":"666dee70ee5a28a680cdc9ee","email":"admin@inatel.com"}}
]]></system-out>
  </testcase>
  <testcase name="[2:13] POST do USER (admin ou student)" classname="testesAPI/RM" time="0.917">
    <system-out><![CDATA[17:26:06.965 [main] INFO  com.intuit.karate - karate.env system property was: null 
17:26:07.010 [main] DEBUG com.intuit.karate - request:
1 > POST https://ehosdevida-backend.onrender.com/users
1 > Authorization: Bearer eyJhbGciOiJIUzI1NiIsInR5cCI6IkpXVCJ9.eyJfaWQiOiI2NjZkZWU3MGVlNWEyOGE2ODBjZGM5ZWUiLCJuYW1lIjoiQWRtaW4iLCJlbWFpbCI6ImFkbWluQGluYXRlbC5jb20iLCJwYXNzd29yZCI6ImFkbWluMTIzIiwicm9sZSI6ImFkbWluIiwic3ViIjoiNjY2ZGVlNzBlZTVhMjhhNjgwY2RjOWVlIiwiaWF0IjoxNzE5MzM1ODQ2LCJleHAiOjE3MTk1OTUwNDZ9.cumqCDekaUWJxT4QWOgjRsTJSuw2heaMxfv20EUp21o
1 > Content-Type: application/json; charset=UTF-8
1 > Content-Length: 83
1 > Host: ehosdevida-backend.onrender.com
1 > Connection: Keep-Alive
1 > User-Agent: Apache-HttpClient/4.5.13 (Java/17.0.6)
1 > Accept-Encoding: gzip,deflate
{"password":"Fetin@2024","role":"admin","username":"53.547876161988825@inatel.com"}

17:26:07.874 [main] DEBUG com.intuit.karate - response time in milliseconds: 863
1 < 201
1 < Date: Wed, 26 Jun 2024 20:26:05 GMT
1 < Content-Type: application/json; charset=utf-8
1 < Connection: keep-alive
1 < CF-Ray: 899fee21deaea537-GRU
1 < CF-Cache-Status: DYNAMIC
1 < Access-Control-Allow-Origin: *
1 < ETag: W/"85-WIauYVfNVHEB6QhHSkM1fKx1o1E"
1 < Vary: Accept-Encoding
1 < rndr-id: d967dcd6-ea06-4384
1 < x-powered-by: Express
1 < x-render-origin-server: Render
1 < Server: cloudflare
1 < alt-svc: h3=":443"; ma=86400
{"password":"$2b$10$1F5Y7hkFOGrAuneN\/VpEAeEaVDXHf37lIw.cUFD\/9IRglCkFzZWv6","role":"advisor","__v":0,"_id":"667b132a6c2baef67841cdd8"}
]]></system-out>
  </testcase>
  <testcase name="[3:36] GET do usuário por e-mail" classname="testesAPI/RM" time="0.495">
    <system-out><![CDATA[17:26:07.882 [main] INFO  com.intuit.karate - karate.env system property was: null 
17:26:07.884 [main] DEBUG com.intuit.karate - request:
1 > GET https://ehosdevida-backend.onrender.com/users/a@inatel.com
1 > Authorization: Bearer eyJhbGciOiJIUzI1NiIsInR5cCI6IkpXVCJ9.eyJfaWQiOiI2NjZkZWU3MGVlNWEyOGE2ODBjZGM5ZWUiLCJuYW1lIjoiQWRtaW4iLCJlbWFpbCI6ImFkbWluQGluYXRlbC5jb20iLCJwYXNzd29yZCI6ImFkbWluMTIzIiwicm9sZSI6ImFkbWluIiwic3ViIjoiNjY2ZGVlNzBlZTVhMjhhNjgwY2RjOWVlIiwiaWF0IjoxNzE5MzM1ODQ2LCJleHAiOjE3MTk1OTUwNDZ9.cumqCDekaUWJxT4QWOgjRsTJSuw2heaMxfv20EUp21o
1 > Host: ehosdevida-backend.onrender.com
1 > Connection: Keep-Alive
1 > User-Agent: Apache-HttpClient/4.5.13 (Java/17.0.6)
1 > Accept-Encoding: gzip,deflate


17:26:08.371 [main] DEBUG com.intuit.karate - response time in milliseconds: 487
1 < 200
1 < Date: Wed, 26 Jun 2024 20:26:05 GMT
1 < Content-Type: application/json; charset=utf-8
1 < Connection: keep-alive
1 < CF-Ray: 899fee274ecf0122-GRU
1 < CF-Cache-Status: DYNAMIC
1 < Access-Control-Allow-Origin: *
1 < ETag: W/"a7-vPXUZbCJmZmTSkSq6DkKqEJ2FGM"
1 < Vary: Accept-Encoding
1 < rndr-id: de4c5876-9583-4696
1 < x-powered-by: Express
1 < x-render-origin-server: Render
1 < Server: cloudflare
1 < alt-svc: h3=":443"; ma=86400
{"password":"$2b$10$P9JRcMgBpY5F3MHl3vbHB.9YpH7ZaCp915.Y0GE.J.Z\/o9Q25dOKO","role":"student","__v":0,"name":"a","_id":"666df748efd5eaf98466dfe7","email":"a@inatel.com"}
]]></system-out>
  </testcase>
  <testcase name="[4:43] Get list of all teams" classname="testesAPI/RM" time="0.496">
    <system-out><![CDATA[17:26:08.377 [main] INFO  com.intuit.karate - karate.env system property was: null 
17:26:08.380 [main] DEBUG com.intuit.karate - request:
1 > GET https://ehosdevida-backend.onrender.com/teams
1 > Authorization: Bearer eyJhbGciOiJIUzI1NiIsInR5cCI6IkpXVCJ9.eyJfaWQiOiI2NjZkZWU3MGVlNWEyOGE2ODBjZGM5ZWUiLCJuYW1lIjoiQWRtaW4iLCJlbWFpbCI6ImFkbWluQGluYXRlbC5jb20iLCJwYXNzd29yZCI6ImFkbWluMTIzIiwicm9sZSI6ImFkbWluIiwic3ViIjoiNjY2ZGVlNzBlZTVhMjhhNjgwY2RjOWVlIiwiaWF0IjoxNzE5MzM1ODQ2LCJleHAiOjE3MTk1OTUwNDZ9.cumqCDekaUWJxT4QWOgjRsTJSuw2heaMxfv20EUp21o
1 > Host: ehosdevida-backend.onrender.com
1 > Connection: Keep-Alive
1 > User-Agent: Apache-HttpClient/4.5.13 (Java/17.0.6)
1 > Accept-Encoding: gzip,deflate


17:26:08.863 [main] DEBUG com.intuit.karate - response time in milliseconds: 466
1 < 200
1 < Date: Wed, 26 Jun 2024 20:26:06 GMT
1 < Content-Type: application/json; charset=utf-8
1 < Connection: keep-alive
1 < CF-Ray: 899fee2a6e25a538-GRU
1 < CF-Cache-Status: DYNAMIC
1 < Access-Control-Allow-Origin: *
1 < ETag: W/"c16-9AI9WFYjBatHzi1zuAYA8r8pWnE"
1 < Vary: Accept-Encoding
1 < rndr-id: 7e05dd60-5ad2-4594
1 < x-powered-by: Express
1 < x-render-origin-server: Render
1 < Server: cloudflare
1 < alt-svc: h3=":443"; ma=86400
[{"number":"652","createdAt":"2024-06-15T20:19:20.064Z","members":[{"name":"Ana Luiza Taveira","email":"a@inatel.com"},{"name":"Mateus Rodrigues","email":"c@inatel.com"},{"name":"Daniel","email":"d@inatel.com"},{"name":"Henrique","email":"e@inatel.com"}],"__v":0,"name":"eIwUdnsv","_id":"666df748efd5eaf98466dfe1","advisorName":"Felipe","extraActivities":[],"grades":[{"currentPhase":"1","grade":10},{"currentPhase":"2","grade":8},{"currentPhase":"Mzea0KNsQR","grade":0.6},{"currentPhase":"vOSVJrwzbH","grade":7.6},{"currentPhase":"vHT4yAqK10","grade":8.3},{"currentPhase":"dsCVJVvjGd","grade":2.9},{"currentPhase":"RT7Q09epQI","grade":7},{"currentPhase":"NwgsU9lu6n","grade":5.5},{"currentPhase":"pk4Rkzbrc1","grade":7.5},{"currentPhase":"igFhqpek8Y","grade":9.6},{"currentPhase":"DE1vvrWvHM","grade":8.9}],"phases":[{"currentPhase":"1","deadline":"10\/07\/2024","issues":["ideia"," validação"]},{"currentPhase":"2","deadline":"10\/08\/2024","issues":["front"," back"," testes"]},{"currentPhase":"Testes Unitários","deadline":"26\/05\/2023","issues":["Entrega 1"]},{"currentPhase":"Testes Unitários","deadline":"26\/05\/2023","issues":["Entrega 1"]},{"currentPhase":"Testes Unitários","deadline":"26\/05\/2023","issues":["Entrega 1"]},{"currentPhase":"8Ma7rx8R0g","deadline":"22\/01\/2025","issues":["Entrega 86"]},{"currentPhase":"NquHytqsvA","deadline":"03\/08\/2024","issues":["Entrega 66"]},{"currentPhase":"o2NnGhBJHR","deadline":"28\/11\/2024","issues":["Entrega 57"]},{"currentPhase":"5d3BgJ0MkJ","deadline":"30\/08\/2024","issues":["Entrega 87"]},{"currentPhase":"Mzea0KNsQR","deadline":"11\/01\/2025","issues":["Entrega 32"]},{"currentPhase":"0Lwir6DiqD","deadline":"13\/05\/2025","issues":["Entrega 13"]},{"currentPhase":"bx5Ws8VlVn","deadline":"26\/07\/2024","issues":["Entrega 85"]},{"currentPhase":"SAHBdxao0k","deadline":"17\/12\/2024","issues":["Entrega 56"]},{"currentPhase":"iyu83ACOvW","deadline":"18\/01\/2025","issues":["Entrega 41"]},{"currentPhase":"vOSVJrwzbH","deadline":"06\/05\/2025","issues":["Entrega 63"]},{"currentPhase":"vHT4yAqK10","deadline":"08\/06\/2025","issues":["Entrega 3"]},{"currentPhase":"dsCVJVvjGd","deadline":"24\/02\/2025","issues":["Entrega 90"]},{"currentPhase":"mOE3ZbQxhn","deadline":"29\/03\/2025","issues":["Entrega 14"]},{"currentPhase":"ZhveZFs7T0","deadline":"05\/12\/2024","issues":["Entrega 31"]},{"currentPhase":"GVCz7Dq6pA","deadline":"29\/05\/2025","issues":["Entrega 9"]},{"currentPhase":"4bF5GfoviS","deadline":"04\/03\/2025","issues":["Entrega 19"]},{"currentPhase":"hI7dI1Uo1P","deadline":"17\/10\/2024","issues":["Entrega 88"]},{"currentPhase":"RT7Q09epQI","deadline":"29\/09\/2024","issues":["Entrega 56"]},{"currentPhase":"NwgsU9lu6n","deadline":"05\/07\/2024","issues":["Entrega 12"]},{"currentPhase":"pk4Rkzbrc1","deadline":"21\/03\/2025","issues":["Entrega 21"]},{"currentPhase":"tTpE9JlbFk","deadline":"08\/08\/2024","issues":["Entrega 39"]},{"currentPhase":"igFhqpek8Y","deadline":"10\/07\/2024","issues":["Entrega 69"]},{"currentPhase":"DE1vvrWvHM","deadline":"07\/10\/2024","issues":["Entrega 32"]}],"advisorEmail":"f@inatel.com","updatedAt":"2024-06-26T20:11:07.745Z"}]
17:26:08.865 [main] INFO  com.intuit.karate - [print] [
  {
    "number": "652",
    "createdAt": "2024-06-15T20:19:20.064Z",
    "members": [
      {
        "name": "Ana Luiza Taveira",
        "email": "a@inatel.com"
      },
      {
        "name": "Mateus Rodrigues",
        "email": "c@inatel.com"
      },
      {
        "name": "Daniel",
        "email": "d@inatel.com"
      },
      {
        "name": "Henrique",
        "email": "e@inatel.com"
      }
    ],
    "__v": 0,
    "name": "eIwUdnsv",
    "_id": "666df748efd5eaf98466dfe1",
    "advisorName": "Felipe",
    "extraActivities": [
    ],
    "grades": [
      {
        "currentPhase": "1",
        "grade": 10
      },
      {
        "currentPhase": "2",
        "grade": 8
      },
      {
        "currentPhase": "Mzea0KNsQR",
        "grade": 0.6
      },
      {
        "currentPhase": "vOSVJrwzbH",
        "grade": 7.6
      },
      {
        "currentPhase": "vHT4yAqK10",
        "grade": 8.3
      },
      {
        "currentPhase": "dsCVJVvjGd",
        "grade": 2.9
      },
      {
        "currentPhase": "RT7Q09epQI",
        "grade": 7
      },
      {
        "currentPhase": "NwgsU9lu6n",
        "grade": 5.5
      },
      {
        "currentPhase": "pk4Rkzbrc1",
        "grade": 7.5
      },
      {
        "currentPhase": "igFhqpek8Y",
        "grade": 9.6
      },
      {
        "currentPhase": "DE1vvrWvHM",
        "grade": 8.9
      }
    ],
    "phases": [
      {
        "currentPhase": "1",
        "deadline": "10/07/2024",
        "issues": [
          "ideia",
          " validação"
        ]
      },
      {
        "currentPhase": "2",
        "deadline": "10/08/2024",
        "issues": [
          "front",
          " back",
          " testes"
        ]
      },
      {
        "currentPhase": "Testes Unitários",
        "deadline": "26/05/2023",
        "issues": [
          "Entrega 1"
        ]
      },
      {
        "currentPhase": "Testes Unitários",
        "deadline": "26/05/2023",
        "issues": [
          "Entrega 1"
        ]
      },
      {
        "currentPhase": "Testes Unitários",
        "deadline": "26/05/2023",
        "issues": [
          "Entrega 1"
        ]
      },
      {
        "currentPhase": "8Ma7rx8R0g",
        "deadline": "22/01/2025",
        "issues": [
          "Entrega 86"
        ]
      },
      {
        "currentPhase": "NquHytqsvA",
        "deadline": "03/08/2024",
        "issues": [
          "Entrega 66"
        ]
      },
      {
        "currentPhase": "o2NnGhBJHR",
        "deadline": "28/11/2024",
        "issues": [
          "Entrega 57"
        ]
      },
      {
        "currentPhase": "5d3BgJ0MkJ",
        "deadline": "30/08/2024",
        "issues": [
          "Entrega 87"
        ]
      },
      {
        "currentPhase": "Mzea0KNsQR",
        "deadline": "11/01/2025",
        "issues": [
          "Entrega 32"
        ]
      },
      {
        "currentPhase": "0Lwir6DiqD",
        "deadline": "13/05/2025",
        "issues": [
          "Entrega 13"
        ]
      },
      {
        "currentPhase": "bx5Ws8VlVn",
        "deadline": "26/07/2024",
        "issues": [
          "Entrega 85"
        ]
      },
      {
        "currentPhase": "SAHBdxao0k",
        "deadline": "17/12/2024",
        "issues": [
          "Entrega 56"
        ]
      },
      {
        "currentPhase": "iyu83ACOvW",
        "deadline": "18/01/2025",
        "issues": [
          "Entrega 41"
        ]
      },
      {
        "currentPhase": "vOSVJrwzbH",
        "deadline": "06/05/2025",
        "issues": [
          "Entrega 63"
        ]
      },
      {
        "currentPhase": "vHT4yAqK10",
        "deadline": "08/06/2025",
        "issues": [
          "Entrega 3"
        ]
      },
      {
        "currentPhase": "dsCVJVvjGd",
        "deadline": "24/02/2025",
        "issues": [
          "Entrega 90"
        ]
      },
      {
        "currentPhase": "mOE3ZbQxhn",
        "deadline": "29/03/2025",
        "issues": [
          "Entrega 14"
        ]
      },
      {
        "currentPhase": "ZhveZFs7T0",
        "deadline": "05/12/2024",
        "issues": [
          "Entrega 31"
        ]
      },
      {
        "currentPhase": "GVCz7Dq6pA",
        "deadline": "29/05/2025",
        "issues": [
          "Entrega 9"
        ]
      },
      {
        "currentPhase": "4bF5GfoviS",
        "deadline": "04/03/2025",
        "issues": [
          "Entrega 19"
        ]
      },
      {
        "currentPhase": "hI7dI1Uo1P",
        "deadline": "17/10/2024",
        "issues": [
          "Entrega 88"
        ]
      },
      {
        "currentPhase": "RT7Q09epQI",
        "deadline": "29/09/2024",
        "issues": [
          "Entrega 56"
        ]
      },
      {
        "currentPhase": "NwgsU9lu6n",
        "deadline": "05/07/2024",
        "issues": [
          "Entrega 12"
        ]
      },
      {
        "currentPhase": "pk4Rkzbrc1",
        "deadline": "21/03/2025",
        "issues": [
          "Entrega 21"
        ]
      },
      {
        "currentPhase": "tTpE9JlbFk",
        "deadline": "08/08/2024",
        "issues": [
          "Entrega 39"
        ]
      },
      {
        "currentPhase": "igFhqpek8Y",
        "deadline": "10/07/2024",
        "issues": [
          "Entrega 69"
        ]
      },
      {
        "currentPhase": "DE1vvrWvHM",
        "deadline": "07/10/2024",
        "issues": [
          "Entrega 32"
        ]
      }
    ],
    "advisorEmail": "f@inatel.com",
    "updatedAt": "2024-06-26T20:11:07.745Z"
  }
]
 
]]></system-out>
  </testcase>
  <testcase name="[5:51] Get team details" classname="testesAPI/RM" time="0.957">
    <system-out><![CDATA[17:26:08.874 [main] INFO  com.intuit.karate - karate.env system property was: null 
17:26:08.885 [main] DEBUG com.intuit.karate - request:
1 > GET https://ehosdevida-backend.onrender.com/teams/HPF
1 > Authorization: Bearer eyJhbGciOiJIUzI1NiIsInR5cCI6IkpXVCJ9.eyJfaWQiOiI2NjZkZWU3MGVlNWEyOGE2ODBjZGM5ZWUiLCJuYW1lIjoiQWRtaW4iLCJlbWFpbCI6ImFkbWluQGluYXRlbC5jb20iLCJwYXNzd29yZCI6ImFkbWluMTIzIiwicm9sZSI6ImFkbWluIiwic3ViIjoiNjY2ZGVlNzBlZTVhMjhhNjgwY2RjOWVlIiwiaWF0IjoxNzE5MzM1ODQ2LCJleHAiOjE3MTk1OTUwNDZ9.cumqCDekaUWJxT4QWOgjRsTJSuw2heaMxfv20EUp21o
1 > Host: ehosdevida-backend.onrender.com
1 > Connection: Keep-Alive
1 > User-Agent: Apache-HttpClient/4.5.13 (Java/17.0.6)
1 > Accept-Encoding: gzip,deflate


17:26:09.825 [main] DEBUG com.intuit.karate - response time in milliseconds: 938
1 < 200
1 < Date: Wed, 26 Jun 2024 20:26:07 GMT
1 < Content-Length: 0
1 < Connection: keep-alive
1 < CF-Ray: 899fee2d99d50167-GRU
1 < CF-Cache-Status: DYNAMIC
1 < Access-Control-Allow-Origin: *
1 < rndr-id: 9a6cecaf-9a49-4dd9
1 < x-powered-by: Express
1 < x-render-origin-server: Render
1 < Vary: Accept-Encoding
1 < Server: cloudflare
1 < alt-svc: h3=":443"; ma=86400

]]></system-out>
  </testcase>
  <testcase name="[6:57] Deletando time pelo ID" classname="testesAPI/RM" time="0.474">
    <system-out><![CDATA[17:26:09.832 [main] INFO  com.intuit.karate - karate.env system property was: null 
17:26:09.834 [main] DEBUG com.intuit.karate - request:
1 > DELETE https://ehosdevida-backend.onrender.com/teams/667b17486c2baef67841ceed
1 > Authorization: Bearer eyJhbGciOiJIUzI1NiIsInR5cCI6IkpXVCJ9.eyJfaWQiOiI2NjZkZWU3MGVlNWEyOGE2ODBjZGM5ZWUiLCJuYW1lIjoiQWRtaW4iLCJlbWFpbCI6ImFkbWluQGluYXRlbC5jb20iLCJwYXNzd29yZCI6ImFkbWluMTIzIiwicm9sZSI6ImFkbWluIiwic3ViIjoiNjY2ZGVlNzBlZTVhMjhhNjgwY2RjOWVlIiwiaWF0IjoxNzE5MzM1ODQ2LCJleHAiOjE3MTk1OTUwNDZ9.cumqCDekaUWJxT4QWOgjRsTJSuw2heaMxfv20EUp21o
1 > Host: ehosdevida-backend.onrender.com
1 > Connection: Keep-Alive
1 > User-Agent: Apache-HttpClient/4.5.13 (Java/17.0.6)
1 > Accept-Encoding: gzip,deflate


17:26:10.302 [main] DEBUG com.intuit.karate - response time in milliseconds: 468
1 < 200
1 < Date: Wed, 26 Jun 2024 20:26:07 GMT
1 < Content-Length: 0
1 < Connection: keep-alive
1 < CF-Ray: 899fee3378cb1b17-GRU
1 < CF-Cache-Status: DYNAMIC
1 < Access-Control-Allow-Origin: *
1 < rndr-id: 426e9c3e-9b1c-446e
1 < x-powered-by: Express
1 < x-render-origin-server: Render
1 < Vary: Accept-Encoding
1 < Server: cloudflare
1 < alt-svc: h3=":443"; ma=86400

]]></system-out>
  </testcase>
  <testcase name="[7:63] Get teams for a specific advisor" classname="testesAPI/RM" time="0.487">
    <system-out><![CDATA[17:26:10.309 [main] INFO  com.intuit.karate - karate.env system property was: null 
17:26:10.312 [main] DEBUG com.intuit.karate - request:
1 > GET https://ehosdevida-backend.onrender.com/teams/advisor/felipe@inatel.com
1 > Authorization: Bearer eyJhbGciOiJIUzI1NiIsInR5cCI6IkpXVCJ9.eyJfaWQiOiI2NjZkZWU3MGVlNWEyOGE2ODBjZGM5ZWUiLCJuYW1lIjoiQWRtaW4iLCJlbWFpbCI6ImFkbWluQGluYXRlbC5jb20iLCJwYXNzd29yZCI6ImFkbWluMTIzIiwicm9sZSI6ImFkbWluIiwic3ViIjoiNjY2ZGVlNzBlZTVhMjhhNjgwY2RjOWVlIiwiaWF0IjoxNzE5MzM1ODQ2LCJleHAiOjE3MTk1OTUwNDZ9.cumqCDekaUWJxT4QWOgjRsTJSuw2heaMxfv20EUp21o
1 > Host: ehosdevida-backend.onrender.com
1 > Connection: Keep-Alive
1 > User-Agent: Apache-HttpClient/4.5.13 (Java/17.0.6)
1 > Accept-Encoding: gzip,deflate


17:26:10.789 [main] DEBUG com.intuit.karate - response time in milliseconds: 476
1 < 200
1 < Date: Wed, 26 Jun 2024 20:26:08 GMT
1 < Content-Type: application/json; charset=utf-8
1 < Connection: keep-alive
1 < CF-Ray: 899fee367e586282-GRU
1 < CF-Cache-Status: DYNAMIC
1 < Access-Control-Allow-Origin: *
1 < ETag: W/"2-l9Fw4VUO7kr8CvBlt4zaMCqXZ0w"
1 < Vary: Accept-Encoding
1 < rndr-id: 41450999-6196-4b05
1 < x-powered-by: Express
1 < x-render-origin-server: Render
1 < Server: cloudflare
1 < alt-svc: h3=":443"; ma=86400
[]
]]></system-out>
  </testcase>
  <testcase name="[8:70] Get teams for a specific student" classname="testesAPI/RM" time="1.075">
    <system-out><![CDATA[17:26:10.795 [main] INFO  com.intuit.karate - karate.env system property was: null 
17:26:10.798 [main] DEBUG com.intuit.karate - request:
1 > GET https://ehosdevida-backend.onrender.com/teams/student/a@inatel.com
1 > Authorization: Bearer eyJhbGciOiJIUzI1NiIsInR5cCI6IkpXVCJ9.eyJfaWQiOiI2NjZkZWU3MGVlNWEyOGE2ODBjZGM5ZWUiLCJuYW1lIjoiQWRtaW4iLCJlbWFpbCI6ImFkbWluQGluYXRlbC5jb20iLCJwYXNzd29yZCI6ImFkbWluMTIzIiwicm9sZSI6ImFkbWluIiwic3ViIjoiNjY2ZGVlNzBlZTVhMjhhNjgwY2RjOWVlIiwiaWF0IjoxNzE5MzM1ODQ2LCJleHAiOjE3MTk1OTUwNDZ9.cumqCDekaUWJxT4QWOgjRsTJSuw2heaMxfv20EUp21o
1 > Host: ehosdevida-backend.onrender.com
1 > Connection: Keep-Alive
1 > User-Agent: Apache-HttpClient/4.5.13 (Java/17.0.6)
1 > Accept-Encoding: gzip,deflate


17:26:11.274 [main] DEBUG com.intuit.karate - response time in milliseconds: 474
1 < 200
1 < Date: Wed, 26 Jun 2024 20:26:08 GMT
1 < Content-Type: application/json; charset=utf-8
1 < Connection: keep-alive
1 < CF-Ray: 899fee3979eda50b-GRU
1 < CF-Cache-Status: DYNAMIC
1 < Access-Control-Allow-Origin: *
1 < ETag: W/"c14-AtB+bRPdR6zpRLFY34hv1sLjGWU"
1 < Vary: Accept-Encoding
1 < rndr-id: c3f589ff-e191-4471
1 < x-powered-by: Express
1 < x-render-origin-server: Render
1 < Server: cloudflare
1 < alt-svc: h3=":443"; ma=86400
{"number":"652","createdAt":"2024-06-15T20:19:20.064Z","members":[{"name":"Ana Luiza Taveira","email":"a@inatel.com"},{"name":"Mateus Rodrigues","email":"c@inatel.com"},{"name":"Daniel","email":"d@inatel.com"},{"name":"Henrique","email":"e@inatel.com"}],"__v":0,"name":"eIwUdnsv","_id":"666df748efd5eaf98466dfe1","advisorName":"Felipe","extraActivities":[],"grades":[{"currentPhase":"1","grade":10},{"currentPhase":"2","grade":8},{"currentPhase":"Mzea0KNsQR","grade":0.6},{"currentPhase":"vOSVJrwzbH","grade":7.6},{"currentPhase":"vHT4yAqK10","grade":8.3},{"currentPhase":"dsCVJVvjGd","grade":2.9},{"currentPhase":"RT7Q09epQI","grade":7},{"currentPhase":"NwgsU9lu6n","grade":5.5},{"currentPhase":"pk4Rkzbrc1","grade":7.5},{"currentPhase":"igFhqpek8Y","grade":9.6},{"currentPhase":"DE1vvrWvHM","grade":8.9}],"phases":[{"currentPhase":"1","deadline":"10\/07\/2024","issues":["ideia"," validação"]},{"currentPhase":"2","deadline":"10\/08\/2024","issues":["front"," back"," testes"]},{"currentPhase":"Testes Unitários","deadline":"26\/05\/2023","issues":["Entrega 1"]},{"currentPhase":"Testes Unitários","deadline":"26\/05\/2023","issues":["Entrega 1"]},{"currentPhase":"Testes Unitários","deadline":"26\/05\/2023","issues":["Entrega 1"]},{"currentPhase":"8Ma7rx8R0g","deadline":"22\/01\/2025","issues":["Entrega 86"]},{"currentPhase":"NquHytqsvA","deadline":"03\/08\/2024","issues":["Entrega 66"]},{"currentPhase":"o2NnGhBJHR","deadline":"28\/11\/2024","issues":["Entrega 57"]},{"currentPhase":"5d3BgJ0MkJ","deadline":"30\/08\/2024","issues":["Entrega 87"]},{"currentPhase":"Mzea0KNsQR","deadline":"11\/01\/2025","issues":["Entrega 32"]},{"currentPhase":"0Lwir6DiqD","deadline":"13\/05\/2025","issues":["Entrega 13"]},{"currentPhase":"bx5Ws8VlVn","deadline":"26\/07\/2024","issues":["Entrega 85"]},{"currentPhase":"SAHBdxao0k","deadline":"17\/12\/2024","issues":["Entrega 56"]},{"currentPhase":"iyu83ACOvW","deadline":"18\/01\/2025","issues":["Entrega 41"]},{"currentPhase":"vOSVJrwzbH","deadline":"06\/05\/2025","issues":["Entrega 63"]},{"currentPhase":"vHT4yAqK10","deadline":"08\/06\/2025","issues":["Entrega 3"]},{"currentPhase":"dsCVJVvjGd","deadline":"24\/02\/2025","issues":["Entrega 90"]},{"currentPhase":"mOE3ZbQxhn","deadline":"29\/03\/2025","issues":["Entrega 14"]},{"currentPhase":"ZhveZFs7T0","deadline":"05\/12\/2024","issues":["Entrega 31"]},{"currentPhase":"GVCz7Dq6pA","deadline":"29\/05\/2025","issues":["Entrega 9"]},{"currentPhase":"4bF5GfoviS","deadline":"04\/03\/2025","issues":["Entrega 19"]},{"currentPhase":"hI7dI1Uo1P","deadline":"17\/10\/2024","issues":["Entrega 88"]},{"currentPhase":"RT7Q09epQI","deadline":"29\/09\/2024","issues":["Entrega 56"]},{"currentPhase":"NwgsU9lu6n","deadline":"05\/07\/2024","issues":["Entrega 12"]},{"currentPhase":"pk4Rkzbrc1","deadline":"21\/03\/2025","issues":["Entrega 21"]},{"currentPhase":"tTpE9JlbFk","deadline":"08\/08\/2024","issues":["Entrega 39"]},{"currentPhase":"igFhqpek8Y","deadline":"10\/07\/2024","issues":["Entrega 69"]},{"currentPhase":"DE1vvrWvHM","deadline":"07\/10\/2024","issues":["Entrega 32"]}],"advisorEmail":"f@inatel.com","updatedAt":"2024-06-26T20:11:07.745Z"}
---------------------------------------------------------
feature: classpath:testesAPI/RM.feature
scenarios:  8 | passed:  8 | failed:  0 | time: 5,3168
---------------------------------------------------------

Karate version: 1.0.1
======================================================
elapsed:   6,86 | threads:    1 | thread time: 5,32 
features:     1 | skipped:    0 | efficiency: 0,77
scenarios:    8 | passed:     8 | failed: 0
======================================================

HTML report: (paste into browser to view) | Karate version: 1.0.1
file:///D:/Inatel/P7/ehosDEVida_testes/back/teste.back/target/karate-reports/karate-summary.html
===================================================================

]]></system-out>
  </testcase>
</testsuite>